2023-07-20T09:13:40.5475586+07:00 [INF] (Microsoft.Hosting.Lifetime) Now listening on: "https://localhost:5000"
2023-07-20T09:13:40.6077349+07:00 [INF] (Microsoft.Hosting.Lifetime) Now listening on: "http://localhost:5001"
2023-07-20T09:13:40.6118661+07:00 [INF] (Microsoft.Hosting.Lifetime) Application started. Press Ctrl+C to shut down.
2023-07-20T09:13:40.6128673+07:00 [INF] (Microsoft.Hosting.Lifetime) Hosting environment: "Development"
2023-07-20T09:13:40.6136331+07:00 [INF] (Microsoft.Hosting.Lifetime) Content root path: "C:\Users\AN515-57\OneDrive\Desktop\project\2 ki sau\nhamaynuoc\src\Web\WaterCity.WebApi\"
2023-07-20T09:15:54.4452520+07:00 [INF] (Microsoft.Hosting.Lifetime) Now listening on: "https://localhost:5000"
2023-07-20T09:15:54.4789337+07:00 [INF] (Microsoft.Hosting.Lifetime) Now listening on: "http://localhost:5001"
2023-07-20T09:15:54.4816886+07:00 [INF] (Microsoft.Hosting.Lifetime) Application started. Press Ctrl+C to shut down.
2023-07-20T09:15:54.4823480+07:00 [INF] (Microsoft.Hosting.Lifetime) Hosting environment: "Development"
2023-07-20T09:15:54.4831512+07:00 [INF] (Microsoft.Hosting.Lifetime) Content root path: "C:\Users\AN515-57\OneDrive\Desktop\project\2 ki sau\nhamaynuoc\src\Web\WaterCity.WebApi\"
2023-07-20T09:16:00.8259280+07:00 [INF] (Serilog.AspNetCore.RequestLoggingMiddleware) HTTP "GET" "/api/chi-so-dong-ho/get-all" responded 200 in 368.5798 ms
2023-07-20T09:16:15.0504159+07:00 [INF] (Serilog.AspNetCore.RequestLoggingMiddleware) HTTP "GET" "/api/chi-tiet-gia/get-all" responded 200 in 78.3632 ms
2023-07-20T09:16:32.5851471+07:00 [INF] (Serilog.AspNetCore.RequestLoggingMiddleware) HTTP "POST" "/api/chi-tiet-gia/add" responded 400 in 373.3349 ms
2023-07-20T09:18:10.6009758+07:00 [INF] (Serilog.AspNetCore.RequestLoggingMiddleware) HTTP "GET" "/api/khach-hang/get-all" responded 200 in 35.0151 ms
2023-07-20T09:18:54.2009635+07:00 [INF] (Serilog.AspNetCore.RequestLoggingMiddleware) HTTP "POST" "/api/nha-may/add" responded 200 in 80.1465 ms
2023-07-20T09:19:17.8043773+07:00 [INF] (Serilog.AspNetCore.RequestLoggingMiddleware) HTTP "GET" "/api/nha-may/get-all" responded 200 in 37.0359 ms
2023-07-20T09:19:22.2189666+07:00 [INF] (Serilog.AspNetCore.RequestLoggingMiddleware) HTTP "GET" "/api/nha-may/get-all" responded 200 in 13.5864 ms
2023-07-20T09:20:21.3614437+07:00 [INF] (Serilog.AspNetCore.RequestLoggingMiddleware) HTTP "DELETE" "/api/nha-may/delete/string01" responded 200 in 49.8322 ms
2023-07-20T09:20:23.2656952+07:00 [INF] () Not Found
2023-07-20T09:20:23.2780339+07:00 [INF] (Serilog.AspNetCore.RequestLoggingMiddleware) HTTP "DELETE" "/api/nha-may/delete/string01" responded 400 in 17.2792 ms
2023-07-20T09:26:03.4507108+07:00 [INF] (Microsoft.Hosting.Lifetime) Now listening on: "https://localhost:5000"
2023-07-20T09:26:03.4862636+07:00 [INF] (Microsoft.Hosting.Lifetime) Now listening on: "http://localhost:5001"
2023-07-20T09:26:03.4896231+07:00 [INF] (Microsoft.Hosting.Lifetime) Application started. Press Ctrl+C to shut down.
2023-07-20T09:26:03.4903060+07:00 [INF] (Microsoft.Hosting.Lifetime) Hosting environment: "Development"
2023-07-20T09:26:03.4908343+07:00 [INF] (Microsoft.Hosting.Lifetime) Content root path: "C:\Users\AN515-57\OneDrive\Desktop\project\2 ki sau\nhamaynuoc\src\Web\WaterCity.WebApi\"
2023-07-20T09:27:52.5264202+07:00 [INF] () Not Found
2023-07-20T09:27:52.6524239+07:00 [INF] (Serilog.AspNetCore.RequestLoggingMiddleware) HTTP "DELETE" "/api/nha-may/delete/string01" responded 400 in 84046.1248 ms
2023-07-20T09:28:10.4234644+07:00 [INF] (Serilog.AspNetCore.RequestLoggingMiddleware) HTTP "POST" "/api/nha-may/add" responded 200 in 365.1524 ms
2023-07-20T09:28:38.7357605+07:00 [INF] (Serilog.AspNetCore.RequestLoggingMiddleware) HTTP "DELETE" "/api/nha-may/delete/string02" responded 200 in 9036.2075 ms
2023-07-20T11:59:45.0214926+07:00 [INF] (Microsoft.Hosting.Lifetime) Now listening on: "https://localhost:5000"
2023-07-20T11:59:45.0552039+07:00 [INF] (Microsoft.Hosting.Lifetime) Now listening on: "http://localhost:5001"
2023-07-20T11:59:45.0600344+07:00 [INF] (Microsoft.Hosting.Lifetime) Application started. Press Ctrl+C to shut down.
2023-07-20T11:59:45.0613846+07:00 [INF] (Microsoft.Hosting.Lifetime) Hosting environment: "Development"
2023-07-20T11:59:45.0621487+07:00 [INF] (Microsoft.Hosting.Lifetime) Content root path: "C:\Users\AN515-57\OneDrive\Desktop\project\2 ki sau\nhamaynuoc\src\Web\WaterCity.WebApi\"
2023-07-20T14:25:10.3003415+07:00 [INF] (Microsoft.Hosting.Lifetime) Now listening on: "https://localhost:5000"
2023-07-20T14:25:10.3448561+07:00 [INF] (Microsoft.Hosting.Lifetime) Now listening on: "http://localhost:5001"
2023-07-20T14:25:10.3483387+07:00 [INF] (Microsoft.Hosting.Lifetime) Application started. Press Ctrl+C to shut down.
2023-07-20T14:25:10.3494970+07:00 [INF] (Microsoft.Hosting.Lifetime) Hosting environment: "Development"
2023-07-20T14:25:10.3504327+07:00 [INF] (Microsoft.Hosting.Lifetime) Content root path: "C:\Users\AN515-57\OneDrive\Desktop\project\2 ki sau\nhamaynuoc\src\Web\WaterCity.WebApi\"
2023-07-20T14:29:41.5648284+07:00 [INF] (Serilog.AspNetCore.RequestLoggingMiddleware) HTTP "GET" "/api/tinh/get-all" responded 200 in 1280.0589 ms
2023-07-20T14:29:57.7892360+07:00 [INF] (Serilog.AspNetCore.RequestLoggingMiddleware) HTTP "POST" "/api/tinh/add" responded 400 in 486.7188 ms
2023-07-20T14:37:36.5799696+07:00 [INF] (Serilog.AspNetCore.RequestLoggingMiddleware) HTTP "POST" "/api/tinh/add" responded 400 in 282728.1535 ms
2023-07-20T14:45:10.7714752+07:00 [INF] (Serilog.AspNetCore.RequestLoggingMiddleware) HTTP "POST" "/api/nha-may/add" responded 200 in 690.1425 ms
2023-07-20T14:45:33.4419200+07:00 [INF] (Serilog.AspNetCore.RequestLoggingMiddleware) HTTP "POST" "/api/vung/add" responded 200 in 87.3296 ms
2023-07-20T14:50:10.4963488+07:00 [INF] (Microsoft.Hosting.Lifetime) Now listening on: "https://localhost:5000"
2023-07-20T14:50:10.5653422+07:00 [INF] (Microsoft.Hosting.Lifetime) Now listening on: "http://localhost:5001"
2023-07-20T14:50:10.5859000+07:00 [INF] (Microsoft.Hosting.Lifetime) Application started. Press Ctrl+C to shut down.
2023-07-20T14:50:10.5908459+07:00 [INF] (Microsoft.Hosting.Lifetime) Hosting environment: "Development"
2023-07-20T14:50:10.5947740+07:00 [INF] (Microsoft.Hosting.Lifetime) Content root path: "C:\Users\AN515-57\OneDrive\Desktop\project\2 ki sau\nhamaynuoc\src\Web\WaterCity.WebApi\"
2023-07-20T14:50:32.1972090+07:00 [INF] (Microsoft.Hosting.Lifetime) Now listening on: "https://localhost:5000"
2023-07-20T14:50:32.2348678+07:00 [INF] (Microsoft.Hosting.Lifetime) Now listening on: "http://localhost:5001"
2023-07-20T14:50:32.2391128+07:00 [INF] (Microsoft.Hosting.Lifetime) Application started. Press Ctrl+C to shut down.
2023-07-20T14:50:32.2412124+07:00 [INF] (Microsoft.Hosting.Lifetime) Hosting environment: "Development"
2023-07-20T14:50:32.2421804+07:00 [INF] (Microsoft.Hosting.Lifetime) Content root path: "C:\Users\AN515-57\OneDrive\Desktop\project\2 ki sau\nhamaynuoc\src\Web\WaterCity.WebApi\"
2023-07-20T14:51:23.3591706+07:00 [INF] (Serilog.AspNetCore.RequestLoggingMiddleware) HTTP "POST" "/api/tinh/add" responded 200 in 9871.0895 ms
2023-07-20T14:51:33.7383450+07:00 [INF] (Serilog.AspNetCore.RequestLoggingMiddleware) HTTP "GET" "/api/tinh/get-all" responded 200 in 191.3471 ms
2023-07-20T14:52:05.8153491+07:00 [INF] (Serilog.AspNetCore.RequestLoggingMiddleware) HTTP "GET" "/api/tinh/get-single/string" responded 200 in 89.2763 ms
2023-07-20T14:52:21.4600540+07:00 [INF] (Serilog.AspNetCore.RequestLoggingMiddleware) HTTP "PUT" "/api/tinh/update/string" responded 200 in 90.7703 ms
2023-07-20T14:52:38.2388718+07:00 [INF] (Serilog.AspNetCore.RequestLoggingMiddleware) HTTP "GET" "/api/tinh/get-all" responded 200 in 26.6110 ms
2023-07-20T14:53:06.9748308+07:00 [INF] (Serilog.AspNetCore.RequestLoggingMiddleware) HTTP "DELETE" "/api/tinh/delete/string1" responded 200 in 54.4940 ms
2023-07-20T16:04:29.8087425+07:00 [INF] (Microsoft.Hosting.Lifetime) Now listening on: "https://localhost:5000"
2023-07-20T16:04:29.8381991+07:00 [INF] (Microsoft.Hosting.Lifetime) Now listening on: "http://localhost:5001"
2023-07-20T16:04:29.8423081+07:00 [INF] (Microsoft.Hosting.Lifetime) Application started. Press Ctrl+C to shut down.
2023-07-20T16:04:29.8429837+07:00 [INF] (Microsoft.Hosting.Lifetime) Hosting environment: "Development"
2023-07-20T16:04:29.8435138+07:00 [INF] (Microsoft.Hosting.Lifetime) Content root path: "C:\Users\AN515-57\OneDrive\Desktop\project\2 ki sau\nhamaynuoc\src\Web\WaterCity.WebApi\"
2023-07-20T16:04:31.5365832+07:00 [ERR] (Microsoft.AspNetCore.Diagnostics.DeveloperExceptionPageMiddleware) An unhandled exception has occurred while executing the request.
Swashbuckle.AspNetCore.SwaggerGen.SwaggerGeneratorException: Conflicting method/path combination "GET api/tinh/get-all" for actions - WaterCity.WebApi.Controllers.HuyenController.GetAll (WaterCity.WebApi),WaterCity.WebApi.Controllers.TinhController.GetAll (WaterCity.WebApi). Actions require a unique method/path combination for Swagger/OpenAPI 3.0. Use ConflictingActionsResolver as a workaround
   at Swashbuckle.AspNetCore.SwaggerGen.SwaggerGenerator.GenerateOperations(IEnumerable`1 apiDescriptions, SchemaRepository schemaRepository)
   at Swashbuckle.AspNetCore.SwaggerGen.SwaggerGenerator.GeneratePaths(IEnumerable`1 apiDescriptions, SchemaRepository schemaRepository)
   at Swashbuckle.AspNetCore.SwaggerGen.SwaggerGenerator.GetSwagger(String documentName, String host, String basePath)
   at Swashbuckle.AspNetCore.Swagger.SwaggerMiddleware.Invoke(HttpContext httpContext, ISwaggerProvider swaggerProvider)
   at Microsoft.AspNetCore.Diagnostics.DeveloperExceptionPageMiddleware.Invoke(HttpContext context)
2023-07-20T16:04:46.4980273+07:00 [ERR] (Microsoft.AspNetCore.Diagnostics.DeveloperExceptionPageMiddleware) An unhandled exception has occurred while executing the request.
Swashbuckle.AspNetCore.SwaggerGen.SwaggerGeneratorException: Conflicting method/path combination "GET api/tinh/get-all" for actions - WaterCity.WebApi.Controllers.HuyenController.GetAll (WaterCity.WebApi),WaterCity.WebApi.Controllers.TinhController.GetAll (WaterCity.WebApi). Actions require a unique method/path combination for Swagger/OpenAPI 3.0. Use ConflictingActionsResolver as a workaround
   at Swashbuckle.AspNetCore.SwaggerGen.SwaggerGenerator.GenerateOperations(IEnumerable`1 apiDescriptions, SchemaRepository schemaRepository)
   at Swashbuckle.AspNetCore.SwaggerGen.SwaggerGenerator.GeneratePaths(IEnumerable`1 apiDescriptions, SchemaRepository schemaRepository)
   at Swashbuckle.AspNetCore.SwaggerGen.SwaggerGenerator.GetSwagger(String documentName, String host, String basePath)
   at Swashbuckle.AspNetCore.Swagger.SwaggerMiddleware.Invoke(HttpContext httpContext, ISwaggerProvider swaggerProvider)
   at Microsoft.AspNetCore.Diagnostics.DeveloperExceptionPageMiddleware.Invoke(HttpContext context)
2023-07-20T16:05:04.5865308+07:00 [INF] (Microsoft.Hosting.Lifetime) Now listening on: "https://localhost:5000"
2023-07-20T16:05:04.6301734+07:00 [INF] (Microsoft.Hosting.Lifetime) Now listening on: "http://localhost:5001"
2023-07-20T16:05:04.6341479+07:00 [INF] (Microsoft.Hosting.Lifetime) Application started. Press Ctrl+C to shut down.
2023-07-20T16:05:04.6349041+07:00 [INF] (Microsoft.Hosting.Lifetime) Hosting environment: "Development"
2023-07-20T16:05:04.6356485+07:00 [INF] (Microsoft.Hosting.Lifetime) Content root path: "C:\Users\AN515-57\OneDrive\Desktop\project\2 ki sau\nhamaynuoc\src\Web\WaterCity.WebApi\"
2023-07-20T16:05:49.4096848+07:00 [INF] (Microsoft.Hosting.Lifetime) Now listening on: "https://localhost:5000"
2023-07-20T16:05:49.4517979+07:00 [INF] (Microsoft.Hosting.Lifetime) Now listening on: "http://localhost:5001"
2023-07-20T16:05:49.4549522+07:00 [INF] (Microsoft.Hosting.Lifetime) Application started. Press Ctrl+C to shut down.
2023-07-20T16:05:49.4556869+07:00 [INF] (Microsoft.Hosting.Lifetime) Hosting environment: "Development"
2023-07-20T16:05:49.4562033+07:00 [INF] (Microsoft.Hosting.Lifetime) Content root path: "C:\Users\AN515-57\OneDrive\Desktop\project\2 ki sau\nhamaynuoc\src\Web\WaterCity.WebApi\"
2023-07-20T16:05:52.6018333+07:00 [ERR] (Microsoft.AspNetCore.Diagnostics.DeveloperExceptionPageMiddleware) An unhandled exception has occurred while executing the request.
Swashbuckle.AspNetCore.SwaggerGen.SwaggerGeneratorException: Conflicting method/path combination "GET api/tinh/get-all" for actions - WaterCity.WebApi.Controllers.HuyenController.GetAll (WaterCity.WebApi),WaterCity.WebApi.Controllers.TinhController.GetAll (WaterCity.WebApi). Actions require a unique method/path combination for Swagger/OpenAPI 3.0. Use ConflictingActionsResolver as a workaround
   at Swashbuckle.AspNetCore.SwaggerGen.SwaggerGenerator.GenerateOperations(IEnumerable`1 apiDescriptions, SchemaRepository schemaRepository)
   at Swashbuckle.AspNetCore.SwaggerGen.SwaggerGenerator.GeneratePaths(IEnumerable`1 apiDescriptions, SchemaRepository schemaRepository)
   at Swashbuckle.AspNetCore.SwaggerGen.SwaggerGenerator.GetSwagger(String documentName, String host, String basePath)
   at Swashbuckle.AspNetCore.Swagger.SwaggerMiddleware.Invoke(HttpContext httpContext, ISwaggerProvider swaggerProvider)
   at Microsoft.AspNetCore.Diagnostics.DeveloperExceptionPageMiddleware.Invoke(HttpContext context)
2023-07-20T16:06:45.9355092+07:00 [INF] (Microsoft.Hosting.Lifetime) Now listening on: "https://localhost:5000"
2023-07-20T16:06:45.9787879+07:00 [INF] (Microsoft.Hosting.Lifetime) Now listening on: "http://localhost:5001"
2023-07-20T16:06:45.9838217+07:00 [INF] (Microsoft.Hosting.Lifetime) Application started. Press Ctrl+C to shut down.
2023-07-20T16:06:45.9848763+07:00 [INF] (Microsoft.Hosting.Lifetime) Hosting environment: "Development"
2023-07-20T16:06:45.9856376+07:00 [INF] (Microsoft.Hosting.Lifetime) Content root path: "C:\Users\AN515-57\OneDrive\Desktop\project\2 ki sau\nhamaynuoc\src\Web\WaterCity.WebApi\"
2023-07-20T16:06:48.6541251+07:00 [ERR] (Microsoft.AspNetCore.Diagnostics.DeveloperExceptionPageMiddleware) An unhandled exception has occurred while executing the request.
Swashbuckle.AspNetCore.SwaggerGen.SwaggerGeneratorException: Conflicting method/path combination "GET api/tinh/get-all" for actions - WaterCity.WebApi.Controllers.HuyenController.GetAll (WaterCity.WebApi),WaterCity.WebApi.Controllers.TinhController.GetAll (WaterCity.WebApi). Actions require a unique method/path combination for Swagger/OpenAPI 3.0. Use ConflictingActionsResolver as a workaround
   at Swashbuckle.AspNetCore.SwaggerGen.SwaggerGenerator.GenerateOperations(IEnumerable`1 apiDescriptions, SchemaRepository schemaRepository)
   at Swashbuckle.AspNetCore.SwaggerGen.SwaggerGenerator.GeneratePaths(IEnumerable`1 apiDescriptions, SchemaRepository schemaRepository)
   at Swashbuckle.AspNetCore.SwaggerGen.SwaggerGenerator.GetSwagger(String documentName, String host, String basePath)
   at Swashbuckle.AspNetCore.Swagger.SwaggerMiddleware.Invoke(HttpContext httpContext, ISwaggerProvider swaggerProvider)
   at Microsoft.AspNetCore.Diagnostics.DeveloperExceptionPageMiddleware.Invoke(HttpContext context)
2023-07-20T16:07:01.2640131+07:00 [INF] (Serilog.AspNetCore.RequestLoggingMiddleware) HTTP "GET" "//swagger/v1/swagger.json" responded 404 in 40.7956 ms
2023-07-20T16:15:38.6717246+07:00 [INF] (Microsoft.Hosting.Lifetime) Now listening on: "https://localhost:5000"
2023-07-20T16:15:38.6990008+07:00 [INF] (Microsoft.Hosting.Lifetime) Now listening on: "http://localhost:5001"
2023-07-20T16:15:38.7034160+07:00 [INF] (Microsoft.Hosting.Lifetime) Application started. Press Ctrl+C to shut down.
2023-07-20T16:15:38.7053604+07:00 [INF] (Microsoft.Hosting.Lifetime) Hosting environment: "Development"
2023-07-20T16:15:38.7063009+07:00 [INF] (Microsoft.Hosting.Lifetime) Content root path: "C:\Users\AN515-57\OneDrive\Desktop\project\2 ki sau\nhamaynuoc\src\Web\WaterCity.WebApi\"
2023-07-20T16:15:40.3773244+07:00 [ERR] (Microsoft.AspNetCore.Diagnostics.DeveloperExceptionPageMiddleware) An unhandled exception has occurred while executing the request.
Swashbuckle.AspNetCore.SwaggerGen.SwaggerGeneratorException: Conflicting method/path combination "GET api/tinh/get-all" for actions - WaterCity.WebApi.Controllers.HuyenController.GetAll (WaterCity.WebApi),WaterCity.WebApi.Controllers.TinhController.GetAll (WaterCity.WebApi). Actions require a unique method/path combination for Swagger/OpenAPI 3.0. Use ConflictingActionsResolver as a workaround
   at Swashbuckle.AspNetCore.SwaggerGen.SwaggerGenerator.GenerateOperations(IEnumerable`1 apiDescriptions, SchemaRepository schemaRepository)
   at Swashbuckle.AspNetCore.SwaggerGen.SwaggerGenerator.GeneratePaths(IEnumerable`1 apiDescriptions, SchemaRepository schemaRepository)
   at Swashbuckle.AspNetCore.SwaggerGen.SwaggerGenerator.GetSwagger(String documentName, String host, String basePath)
   at Swashbuckle.AspNetCore.Swagger.SwaggerMiddleware.Invoke(HttpContext httpContext, ISwaggerProvider swaggerProvider)
   at Microsoft.AspNetCore.Diagnostics.DeveloperExceptionPageMiddleware.Invoke(HttpContext context)
2023-07-20T16:16:38.6827053+07:00 [INF] (Microsoft.Hosting.Lifetime) Now listening on: "https://localhost:5000"
2023-07-20T16:16:38.7070984+07:00 [INF] (Microsoft.Hosting.Lifetime) Now listening on: "http://localhost:5001"
2023-07-20T16:16:38.7098001+07:00 [INF] (Microsoft.Hosting.Lifetime) Application started. Press Ctrl+C to shut down.
2023-07-20T16:16:38.7104822+07:00 [INF] (Microsoft.Hosting.Lifetime) Hosting environment: "Development"
2023-07-20T16:16:38.7111069+07:00 [INF] (Microsoft.Hosting.Lifetime) Content root path: "C:\Users\AN515-57\OneDrive\Desktop\project\2 ki sau\nhamaynuoc\src\Web\WaterCity.WebApi\"
2023-07-20T16:18:44.5474980+07:00 [INF] (Microsoft.Hosting.Lifetime) Now listening on: "https://localhost:5000"
2023-07-20T16:18:44.6106070+07:00 [INF] (Microsoft.Hosting.Lifetime) Now listening on: "http://localhost:5001"
2023-07-20T16:18:44.6152433+07:00 [INF] (Microsoft.Hosting.Lifetime) Application started. Press Ctrl+C to shut down.
2023-07-20T16:18:44.6165019+07:00 [INF] (Microsoft.Hosting.Lifetime) Hosting environment: "Development"
2023-07-20T16:18:44.6173992+07:00 [INF] (Microsoft.Hosting.Lifetime) Content root path: "C:\Users\AN515-57\OneDrive\Desktop\project\2 ki sau\nhamaynuoc\src\Web\WaterCity.WebApi\"
2023-07-20T16:19:07.5442243+07:00 [INF] (Serilog.AspNetCore.RequestLoggingMiddleware) HTTP "GET" "/api/tinh/get-all" responded 200 in 1043.7848 ms
2023-07-20T16:19:23.4857504+07:00 [INF] (Serilog.AspNetCore.RequestLoggingMiddleware) HTTP "POST" "/api/tinh/add" responded 200 in 684.3313 ms
2023-07-20T16:19:30.6091003+07:00 [INF] (Serilog.AspNetCore.RequestLoggingMiddleware) HTTP "POST" "/api/tinh/add" responded 200 in 62.9193 ms
2023-07-20T16:19:35.5044495+07:00 [INF] (Serilog.AspNetCore.RequestLoggingMiddleware) HTTP "GET" "/api/tinh/get-all" responded 200 in 47.0185 ms
2023-07-20T16:19:52.3610371+07:00 [INF] (Serilog.AspNetCore.RequestLoggingMiddleware) HTTP "GET" "/api/huyen/get-all" responded 200 in 46.7095 ms
2023-07-20T16:20:31.3837957+07:00 [INF] (Serilog.AspNetCore.RequestLoggingMiddleware) HTTP "POST" "/api/huyen/add" responded 400 in 275.7142 ms
2023-07-20T16:20:42.8255554+07:00 [INF] (Serilog.AspNetCore.RequestLoggingMiddleware) HTTP "POST" "/api/huyen/add" responded 400 in 85.6695 ms
2023-07-20T16:22:04.4586619+07:00 [INF] (Microsoft.Hosting.Lifetime) Now listening on: "https://localhost:5000"
2023-07-20T16:22:04.4975532+07:00 [INF] (Microsoft.Hosting.Lifetime) Now listening on: "http://localhost:5001"
2023-07-20T16:22:04.5010020+07:00 [INF] (Microsoft.Hosting.Lifetime) Application started. Press Ctrl+C to shut down.
2023-07-20T16:22:04.5018566+07:00 [INF] (Microsoft.Hosting.Lifetime) Hosting environment: "Development"
2023-07-20T16:22:04.5024909+07:00 [INF] (Microsoft.Hosting.Lifetime) Content root path: "C:\Users\AN515-57\OneDrive\Desktop\project\2 ki sau\nhamaynuoc\src\Web\WaterCity.WebApi\"
2023-07-20T16:22:52.5587425+07:00 [INF] (Serilog.AspNetCore.RequestLoggingMiddleware) HTTP "GET" "/api/tinh/get-all" responded 200 in 926.0723 ms
2023-07-20T16:23:15.2839341+07:00 [INF] (Serilog.AspNetCore.RequestLoggingMiddleware) HTTP "POST" "/api/xa/add" responded 400 in 542.5702 ms
2023-07-20T16:23:42.7330542+07:00 [INF] (Serilog.AspNetCore.RequestLoggingMiddleware) HTTP "POST" "/api/xa/add" responded 400 in 64.2030 ms
2023-07-20T16:25:50.8653833+07:00 [INF] (Microsoft.Hosting.Lifetime) Now listening on: "https://localhost:5000"
2023-07-20T16:25:50.9132272+07:00 [INF] (Microsoft.Hosting.Lifetime) Now listening on: "http://localhost:5001"
2023-07-20T16:25:50.9171430+07:00 [INF] (Microsoft.Hosting.Lifetime) Application started. Press Ctrl+C to shut down.
2023-07-20T16:25:50.9180157+07:00 [INF] (Microsoft.Hosting.Lifetime) Hosting environment: "Development"
2023-07-20T16:25:50.9188183+07:00 [INF] (Microsoft.Hosting.Lifetime) Content root path: "C:\Users\AN515-57\OneDrive\Desktop\project\2 ki sau\nhamaynuoc\src\Web\WaterCity.WebApi\"
2023-07-20T16:26:58.3165673+07:00 [INF] (Microsoft.Hosting.Lifetime) Now listening on: "https://localhost:5000"
2023-07-20T16:26:58.3571573+07:00 [INF] (Microsoft.Hosting.Lifetime) Now listening on: "http://localhost:5001"
2023-07-20T16:26:58.3615365+07:00 [INF] (Microsoft.Hosting.Lifetime) Application started. Press Ctrl+C to shut down.
2023-07-20T16:26:58.3626798+07:00 [INF] (Microsoft.Hosting.Lifetime) Hosting environment: "Development"
2023-07-20T16:26:58.3635569+07:00 [INF] (Microsoft.Hosting.Lifetime) Content root path: "C:\Users\AN515-57\OneDrive\Desktop\project\2 ki sau\nhamaynuoc\src\Web\WaterCity.WebApi\"
2023-07-20T16:28:24.5272552+07:00 [INF] (Microsoft.Hosting.Lifetime) Now listening on: "https://localhost:5000"
2023-07-20T16:28:24.5700443+07:00 [INF] (Microsoft.Hosting.Lifetime) Now listening on: "http://localhost:5001"
2023-07-20T16:28:24.5739238+07:00 [INF] (Microsoft.Hosting.Lifetime) Application started. Press Ctrl+C to shut down.
2023-07-20T16:28:24.5750447+07:00 [INF] (Microsoft.Hosting.Lifetime) Hosting environment: "Development"
2023-07-20T16:28:24.5760478+07:00 [INF] (Microsoft.Hosting.Lifetime) Content root path: "C:\Users\AN515-57\OneDrive\Desktop\project\2 ki sau\nhamaynuoc\src\Web\WaterCity.WebApi\"
2023-07-20T16:28:46.5713592+07:00 [INF] (Serilog.AspNetCore.RequestLoggingMiddleware) HTTP "POST" "/api/huyen/add" responded 400 in 1602.2226 ms
2023-07-20T16:29:45.6923093+07:00 [INF] (Microsoft.Hosting.Lifetime) Now listening on: "https://localhost:5000"
2023-07-20T16:29:45.7328228+07:00 [INF] (Microsoft.Hosting.Lifetime) Now listening on: "http://localhost:5001"
2023-07-20T16:29:45.7360456+07:00 [INF] (Microsoft.Hosting.Lifetime) Application started. Press Ctrl+C to shut down.
2023-07-20T16:29:45.7370206+07:00 [INF] (Microsoft.Hosting.Lifetime) Hosting environment: "Development"
2023-07-20T16:29:45.7377479+07:00 [INF] (Microsoft.Hosting.Lifetime) Content root path: "C:\Users\AN515-57\OneDrive\Desktop\project\2 ki sau\nhamaynuoc\src\Web\WaterCity.WebApi\"
2023-07-20T16:30:05.0595430+07:00 [INF] (Serilog.AspNetCore.RequestLoggingMiddleware) HTTP "GET" "/api/huyen/get-all" responded 200 in 954.1222 ms
2023-07-20T16:30:12.5828324+07:00 [INF] (Serilog.AspNetCore.RequestLoggingMiddleware) HTTP "POST" "/api/huyen/add" responded 400 in 839.8948 ms
2023-07-20T16:31:31.9193839+07:00 [INF] (Serilog.AspNetCore.RequestLoggingMiddleware) HTTP "POST" "/api/huyen/add" responded 400 in 60997.7302 ms
2023-07-20T16:32:53.5734754+07:00 [INF] (Serilog.AspNetCore.RequestLoggingMiddleware) HTTP "POST" "/api/huyen/add" responded 400 in 72401.8231 ms
2023-07-20T16:40:56.5474165+07:00 [INF] (Microsoft.Hosting.Lifetime) Now listening on: "https://localhost:5000"
2023-07-20T16:40:56.6035613+07:00 [INF] (Microsoft.Hosting.Lifetime) Now listening on: "http://localhost:5001"
2023-07-20T16:40:56.6086571+07:00 [INF] (Microsoft.Hosting.Lifetime) Application started. Press Ctrl+C to shut down.
2023-07-20T16:40:56.6102828+07:00 [INF] (Microsoft.Hosting.Lifetime) Hosting environment: "Development"
2023-07-20T16:40:56.6115435+07:00 [INF] (Microsoft.Hosting.Lifetime) Content root path: "C:\Users\AN515-57\OneDrive\Desktop\project\2 ki sau\nhamaynuoc\src\Web\WaterCity.WebApi\"
2023-07-20T16:41:52.8917387+07:00 [INF] (Serilog.AspNetCore.RequestLoggingMiddleware) HTTP "POST" "/api/huyen/add" responded 400 in 6030.6562 ms
2023-07-20T16:43:59.8069651+07:00 [INF] (Serilog.AspNetCore.RequestLoggingMiddleware) HTTP "POST" "/api/huyen/add" responded 400 in 117074.2682 ms
2023-07-20T16:44:32.9872685+07:00 [INF] (Serilog.AspNetCore.RequestLoggingMiddleware) HTTP "POST" "/api/huyen/add" responded 400 in 19654.5711 ms
2023-07-20T16:47:12.3905584+07:00 [INF] (Serilog.AspNetCore.RequestLoggingMiddleware) HTTP "POST" "/api/huyen/add" responded 400 in 155847.5324 ms
2023-07-20T16:52:21.3494654+07:00 [INF] (Serilog.AspNetCore.RequestLoggingMiddleware) HTTP "POST" "/api/huyen/add" responded 400 in 296362.2187 ms
2023-07-20T16:52:44.1167156+07:00 [INF] (Serilog.AspNetCore.RequestLoggingMiddleware) HTTP "GET" "/api/tinh/get-all" responded 200 in 768.6260 ms
2023-07-20T16:53:17.9766505+07:00 [INF] (Serilog.AspNetCore.RequestLoggingMiddleware) HTTP "POST" "/api/huyen/add" responded 200 in 4400.0589 ms
2023-07-20T16:54:56.9010227+07:00 [INF] (Serilog.AspNetCore.RequestLoggingMiddleware) HTTP "PUT" "/api/huyen/update/HuyenTinh01" responded 400 in 379.8003 ms
2023-07-20T16:55:59.4145173+07:00 [INF] (Serilog.AspNetCore.RequestLoggingMiddleware) HTTP "PUT" "/api/huyen/update/HuyenTinh01" responded 400 in 109.4083 ms
2023-07-20T16:56:45.4792664+07:00 [INF] (Serilog.AspNetCore.RequestLoggingMiddleware) HTTP "PUT" "/api/huyen/update/HuyenTinh01" responded 200 in 41.2987 ms
2023-07-20T16:56:50.8790410+07:00 [INF] () Not Found
2023-07-20T16:56:50.9205705+07:00 [INF] (Serilog.AspNetCore.RequestLoggingMiddleware) HTTP "PUT" "/api/huyen/update/HuyenTinh01" responded 400 in 83.3798 ms
2023-07-20T16:57:00.4557930+07:00 [INF] (Serilog.AspNetCore.RequestLoggingMiddleware) HTTP "PUT" "/api/huyen/update/Huyen01Tinh01" responded 200 in 67.9891 ms
