2023-07-27T03:23:43.0561554+07:00 [INF] (Microsoft.Hosting.Lifetime) Now listening on: "https://localhost:5000"
2023-07-27T03:23:43.1020236+07:00 [INF] (Microsoft.Hosting.Lifetime) Now listening on: "http://localhost:5001"
2023-07-27T03:23:43.1069766+07:00 [INF] (Microsoft.Hosting.Lifetime) Application started. Press Ctrl+C to shut down.
2023-07-27T03:23:43.1082735+07:00 [INF] (Microsoft.Hosting.Lifetime) Hosting environment: "Development"
2023-07-27T03:23:43.1090165+07:00 [INF] (Microsoft.Hosting.Lifetime) Content root path: "D:\New folder\Amazing_intern\src\Web\WaterCity.WebApi\"
2023-07-27T03:25:54.3722019+07:00 [INF] (Microsoft.Hosting.Lifetime) Now listening on: "https://localhost:5000"
2023-07-27T03:25:54.4080789+07:00 [INF] (Microsoft.Hosting.Lifetime) Now listening on: "http://localhost:5001"
2023-07-27T03:25:54.4134136+07:00 [INF] (Microsoft.Hosting.Lifetime) Application started. Press Ctrl+C to shut down.
2023-07-27T03:25:54.4143576+07:00 [INF] (Microsoft.Hosting.Lifetime) Hosting environment: "Development"
2023-07-27T03:25:54.4147466+07:00 [INF] (Microsoft.Hosting.Lifetime) Content root path: "D:\New folder\Amazing_intern\src\Web\WaterCity.WebApi\"
2023-07-27T03:26:22.7942847+07:00 [INF] (Microsoft.Hosting.Lifetime) Now listening on: "https://localhost:5000"
2023-07-27T03:26:22.8296534+07:00 [INF] (Microsoft.Hosting.Lifetime) Now listening on: "http://localhost:5001"
2023-07-27T03:26:22.8341303+07:00 [INF] (Microsoft.Hosting.Lifetime) Application started. Press Ctrl+C to shut down.
2023-07-27T03:26:22.8353383+07:00 [INF] (Microsoft.Hosting.Lifetime) Hosting environment: "Development"
2023-07-27T03:26:22.8358184+07:00 [INF] (Microsoft.Hosting.Lifetime) Content root path: "D:\New folder\Amazing_intern\src\Web\WaterCity.WebApi\"
2023-07-27T03:27:07.5377229+07:00 [INF] (Serilog.AspNetCore.RequestLoggingMiddleware) HTTP "POST" "/api/danh-muc-sp/add" responded 400 in 1210.8691 ms
2023-07-27T03:27:40.6725756+07:00 [INF] (Serilog.AspNetCore.RequestLoggingMiddleware) HTTP "POST" "/api/danh-muc-sp/add" responded 400 in 89.5497 ms
2023-07-27T03:28:04.0142831+07:00 [INF] () Not Found
2023-07-27T03:28:04.0398971+07:00 [INF] (Serilog.AspNetCore.RequestLoggingMiddleware) HTTP "PUT" "/api/danh-muc-sp/update/DM1" responded 400 in 109.2447 ms
2023-07-27T03:28:24.6563529+07:00 [INF] (Serilog.AspNetCore.RequestLoggingMiddleware) HTTP "GET" "/api/danh-muc-sp/get-single/DM1" responded 400 in 15.1705 ms
2023-07-27T03:28:35.2910226+07:00 [INF] (Serilog.AspNetCore.RequestLoggingMiddleware) HTTP "GET" "/api/danh-muc-sp/get-single/DM1" responded 400 in 42.4713 ms
2023-07-27T03:28:38.9490108+07:00 [INF] (Serilog.AspNetCore.RequestLoggingMiddleware) HTTP "GET" "/api/danh-muc-sp/get-single/DM1" responded 400 in 2.3179 ms
2023-07-27T03:30:44.0525723+07:00 [INF] (Serilog.AspNetCore.RequestLoggingMiddleware) HTTP "POST" "/api/huyen/add" responded 400 in 42099.4372 ms
2023-07-27T03:31:16.9285155+07:00 [INF] (Serilog.AspNetCore.RequestLoggingMiddleware) HTTP "POST" "/api/nha-cung-cap/add" responded 400 in 4131.2836 ms
2023-07-27T03:31:42.8964388+07:00 [INF] (Serilog.AspNetCore.RequestLoggingMiddleware) HTTP "POST" "/api/nha-cung-cap/add" responded 400 in 8121.0152 ms
2023-07-27T03:31:57.3599505+07:00 [INF] (Serilog.AspNetCore.RequestLoggingMiddleware) HTTP "GET" "/api/nha-cung-cap/get-all" responded 200 in 13.4521 ms
2023-07-27T03:32:06.4474847+07:00 [INF] (Serilog.AspNetCore.RequestLoggingMiddleware) HTTP "GET" "/api/nha-cung-cap/get-all" responded 200 in 2.0563 ms
2023-07-27T03:32:45.5586380+07:00 [INF] () Not Found
2023-07-27T03:32:45.5808700+07:00 [INF] (Serilog.AspNetCore.RequestLoggingMiddleware) HTTP "PUT" "/api/nha-cung-cap/update/1" responded 400 in 48.6985 ms
2023-07-27T03:33:12.0461972+07:00 [INF] (Serilog.AspNetCore.RequestLoggingMiddleware) HTTP "POST" "/api/nha-cung-cap/add" responded 400 in 61.8894 ms
2023-07-27T03:33:25.8682957+07:00 [INF] (Serilog.AspNetCore.RequestLoggingMiddleware) HTTP "POST" "/api/nha-cung-cap/add" responded 400 in 27.0545 ms
2023-07-27T03:34:02.1669996+07:00 [INF] (Serilog.AspNetCore.RequestLoggingMiddleware) HTTP "POST" "/api/nha-may/add" responded 200 in 163.8506 ms
2023-07-27T03:47:20.0602878+07:00 [INF] (Microsoft.Hosting.Lifetime) Now listening on: "https://localhost:5000"
2023-07-27T03:47:20.1212619+07:00 [INF] (Microsoft.Hosting.Lifetime) Now listening on: "http://localhost:5001"
2023-07-27T03:47:20.1255066+07:00 [INF] (Microsoft.Hosting.Lifetime) Application started. Press Ctrl+C to shut down.
2023-07-27T03:47:20.1262339+07:00 [INF] (Microsoft.Hosting.Lifetime) Hosting environment: "Development"
2023-07-27T03:47:20.1266995+07:00 [INF] (Microsoft.Hosting.Lifetime) Content root path: "D:\New folder\Amazing_intern\DemoAPI_QL_SP\Web\WaterCity.WebApi\"
2023-07-27T03:48:18.0414039+07:00 [INF] (Microsoft.Hosting.Lifetime) Now listening on: "https://localhost:5000"
2023-07-27T03:48:18.0861217+07:00 [INF] (Microsoft.Hosting.Lifetime) Now listening on: "http://localhost:5001"
2023-07-27T03:48:18.0894171+07:00 [INF] (Microsoft.Hosting.Lifetime) Application started. Press Ctrl+C to shut down.
2023-07-27T03:48:18.0900068+07:00 [INF] (Microsoft.Hosting.Lifetime) Hosting environment: "Development"
2023-07-27T03:48:18.0904074+07:00 [INF] (Microsoft.Hosting.Lifetime) Content root path: "D:\New folder\Amazing_intern\DemoAPI_QL_SP\Web\WaterCity.WebApi\"
2023-07-27T03:49:57.8324070+07:00 [INF] (Microsoft.Hosting.Lifetime) Now listening on: "https://localhost:5000"
2023-07-27T03:49:57.8786769+07:00 [INF] (Microsoft.Hosting.Lifetime) Now listening on: "http://localhost:5001"
2023-07-27T03:49:57.8836828+07:00 [INF] (Microsoft.Hosting.Lifetime) Application started. Press Ctrl+C to shut down.
2023-07-27T03:49:57.8852480+07:00 [INF] (Microsoft.Hosting.Lifetime) Hosting environment: "Development"
2023-07-27T03:49:57.8857461+07:00 [INF] (Microsoft.Hosting.Lifetime) Content root path: "D:\New folder\Amazing_intern\DemoAPI_QL_SP\Web\WaterCity.WebApi\"
2023-07-27T03:50:27.4403740+07:00 [INF] (Serilog.AspNetCore.RequestLoggingMiddleware) HTTP "POST" "/api/danh-muc-sp/add" responded 400 in 882.0847 ms
2023-07-27T03:55:55.3529327+07:00 [INF] (Microsoft.Hosting.Lifetime) Now listening on: "https://localhost:5000"
2023-07-27T03:55:55.3910509+07:00 [INF] (Microsoft.Hosting.Lifetime) Now listening on: "http://localhost:5001"
2023-07-27T03:55:55.3948055+07:00 [INF] (Microsoft.Hosting.Lifetime) Application started. Press Ctrl+C to shut down.
2023-07-27T03:55:55.3956087+07:00 [INF] (Microsoft.Hosting.Lifetime) Hosting environment: "Development"
2023-07-27T03:55:55.3959602+07:00 [INF] (Microsoft.Hosting.Lifetime) Content root path: "D:\New folder\Amazing_intern\DemoAPI_QL_SP\Web\WaterCity.WebApi\"
2023-07-27T03:58:20.3420856+07:00 [INF] (Microsoft.Hosting.Lifetime) Now listening on: "https://localhost:5000"
2023-07-27T03:58:20.3870651+07:00 [INF] (Microsoft.Hosting.Lifetime) Now listening on: "http://localhost:5001"
2023-07-27T03:58:20.3919727+07:00 [INF] (Microsoft.Hosting.Lifetime) Application started. Press Ctrl+C to shut down.
2023-07-27T03:58:20.3935544+07:00 [INF] (Microsoft.Hosting.Lifetime) Hosting environment: "Development"
2023-07-27T03:58:20.3939594+07:00 [INF] (Microsoft.Hosting.Lifetime) Content root path: "D:\New folder\Amazing_intern\DemoAPI_QL_SP\Web\WaterCity.WebApi\"
2023-07-27T03:58:56.8668780+07:00 [INF] (Serilog.AspNetCore.RequestLoggingMiddleware) HTTP "POST" "/api/danh-muc-sp/add" responded 400 in 814.8145 ms
2023-07-27T04:00:08.8237126+07:00 [INF] (Serilog.AspNetCore.RequestLoggingMiddleware) HTTP "POST" "/api/tinh/add" responded 200 in 270.3350 ms
2023-07-27T04:16:09.9526222+07:00 [INF] (Microsoft.Hosting.Lifetime) Now listening on: "https://localhost:5000"
2023-07-27T04:16:09.9886412+07:00 [INF] (Microsoft.Hosting.Lifetime) Now listening on: "http://localhost:5001"
2023-07-27T04:16:09.9919888+07:00 [INF] (Microsoft.Hosting.Lifetime) Application started. Press Ctrl+C to shut down.
2023-07-27T04:16:09.9926368+07:00 [INF] (Microsoft.Hosting.Lifetime) Hosting environment: "Development"
2023-07-27T04:16:09.9930729+07:00 [INF] (Microsoft.Hosting.Lifetime) Content root path: "D:\New folder\Amazing_intern\DemoAPI_QL_SP\Web\WaterCity.WebApi\"
2023-07-27T04:16:37.7624271+07:00 [INF] (Microsoft.Hosting.Lifetime) Now listening on: "https://localhost:5000"
2023-07-27T04:16:37.8033628+07:00 [INF] (Microsoft.Hosting.Lifetime) Now listening on: "http://localhost:5001"
2023-07-27T04:16:37.8092566+07:00 [INF] (Microsoft.Hosting.Lifetime) Application started. Press Ctrl+C to shut down.
2023-07-27T04:16:37.8101751+07:00 [INF] (Microsoft.Hosting.Lifetime) Hosting environment: "Development"
2023-07-27T04:16:37.8106760+07:00 [INF] (Microsoft.Hosting.Lifetime) Content root path: "D:\New folder\Amazing_intern\DemoAPI_QL_SP\Web\WaterCity.WebApi\"
2023-07-27T04:17:09.4496599+07:00 [INF] (Serilog.AspNetCore.RequestLoggingMiddleware) HTTP "POST" "/api/danh-muc-sp/add" responded 400 in 836.5009 ms
2023-07-27T04:21:58.7472766+07:00 [INF] (Microsoft.Hosting.Lifetime) Now listening on: "https://localhost:5000"
2023-07-27T04:21:58.7839043+07:00 [INF] (Microsoft.Hosting.Lifetime) Now listening on: "http://localhost:5001"
2023-07-27T04:21:58.7885771+07:00 [INF] (Microsoft.Hosting.Lifetime) Application started. Press Ctrl+C to shut down.
2023-07-27T04:21:58.7903691+07:00 [INF] (Microsoft.Hosting.Lifetime) Hosting environment: "Development"
2023-07-27T04:21:58.7909550+07:00 [INF] (Microsoft.Hosting.Lifetime) Content root path: "D:\New folder\Amazing_intern\DemoAPI_QL_SP\Web\WaterCity.WebApi\"
2023-07-27T04:22:20.1694774+07:00 [INF] (Microsoft.Hosting.Lifetime) Now listening on: "https://localhost:5000"
2023-07-27T04:22:20.2089047+07:00 [INF] (Microsoft.Hosting.Lifetime) Now listening on: "http://localhost:5001"
2023-07-27T04:22:20.2151702+07:00 [INF] (Microsoft.Hosting.Lifetime) Application started. Press Ctrl+C to shut down.
2023-07-27T04:22:20.2168270+07:00 [INF] (Microsoft.Hosting.Lifetime) Hosting environment: "Development"
2023-07-27T04:22:20.2172110+07:00 [INF] (Microsoft.Hosting.Lifetime) Content root path: "D:\New folder\Amazing_intern\DemoAPI_QL_SP\Web\WaterCity.WebApi\"
2023-07-27T04:22:49.2936956+07:00 [INF] (Serilog.AspNetCore.RequestLoggingMiddleware) HTTP "POST" "/api/danh-muc-sp/add" responded 400 in 1086.2064 ms
2023-07-27T04:23:20.6939924+07:00 [INF] (Serilog.AspNetCore.RequestLoggingMiddleware) HTTP "POST" "/api/danh-muc-sp/add" responded 400 in 112.0473 ms
2023-07-27T04:23:23.5086592+07:00 [INF] (Serilog.AspNetCore.RequestLoggingMiddleware) HTTP "POST" "/api/danh-muc-sp/add" responded 400 in 44.1478 ms
2023-07-27T04:24:10.4700839+07:00 [INF] (Microsoft.Hosting.Lifetime) Now listening on: "https://localhost:5000"
2023-07-27T04:24:10.5076871+07:00 [INF] (Microsoft.Hosting.Lifetime) Now listening on: "http://localhost:5001"
2023-07-27T04:24:10.5113569+07:00 [INF] (Microsoft.Hosting.Lifetime) Application started. Press Ctrl+C to shut down.
2023-07-27T04:24:10.5121716+07:00 [INF] (Microsoft.Hosting.Lifetime) Hosting environment: "Development"
2023-07-27T04:24:10.5125255+07:00 [INF] (Microsoft.Hosting.Lifetime) Content root path: "D:\New folder\Amazing_intern\DemoAPI_QL_SP\Web\WaterCity.WebApi\"
2023-07-27T04:24:55.6972500+07:00 [INF] (Serilog.AspNetCore.RequestLoggingMiddleware) HTTP "POST" "/api/don-hang/add" responded 400 in 812.0727 ms
2023-07-27T04:25:15.4979856+07:00 [INF] (Serilog.AspNetCore.RequestLoggingMiddleware) HTTP "POST" "/api/don-hang/add" responded 400 in 88.7625 ms
2023-07-27T04:26:16.7624498+07:00 [INF] (Serilog.AspNetCore.RequestLoggingMiddleware) HTTP "POST" "/api/danh-muc-sp/add" responded 400 in 87.3728 ms
2023-07-27T05:35:55.3222883+07:00 [INF] (Microsoft.Hosting.Lifetime) Now listening on: "https://localhost:5000"
2023-07-27T05:35:55.3655547+07:00 [INF] (Microsoft.Hosting.Lifetime) Now listening on: "http://localhost:5001"
2023-07-27T05:35:55.3702450+07:00 [INF] (Microsoft.Hosting.Lifetime) Application started. Press Ctrl+C to shut down.
2023-07-27T05:35:55.3719611+07:00 [INF] (Microsoft.Hosting.Lifetime) Hosting environment: "Development"
2023-07-27T05:35:55.3725684+07:00 [INF] (Microsoft.Hosting.Lifetime) Content root path: "D:\New folder\Amazing_intern\DemoAPI_QL_SP\Web\WaterCity.WebApi\"
2023-07-27T05:37:13.6027225+07:00 [INF] (Microsoft.Hosting.Lifetime) Now listening on: "https://localhost:5000"
2023-07-27T05:37:13.6437008+07:00 [INF] (Microsoft.Hosting.Lifetime) Now listening on: "http://localhost:5001"
2023-07-27T05:37:13.6469133+07:00 [INF] (Microsoft.Hosting.Lifetime) Application started. Press Ctrl+C to shut down.
2023-07-27T05:37:13.6479602+07:00 [INF] (Microsoft.Hosting.Lifetime) Hosting environment: "Development"
2023-07-27T05:37:13.6486613+07:00 [INF] (Microsoft.Hosting.Lifetime) Content root path: "D:\New folder\Amazing_intern\DemoAPI_QL_SP\Web\WaterCity.WebApi\"
2023-07-27T05:37:41.8572130+07:00 [INF] (Serilog.AspNetCore.RequestLoggingMiddleware) HTTP "POST" "/api/danh-muc-sp/add" responded 200 in 939.6250 ms
